Performing C++ SOURCE FILE Test protobuf_HAVE_LD_VERSION_SCRIPT failed with the following output:
Change Dir: /Users/jomof/projects/binja/cmake-build-debug/CMakeFiles/CMakeScratch/TryCompile-4ynOz4

Run Build Command(s):/Users/jomof/Library/Application Support/JetBrains/Toolbox/apps/CLion/ch-0/231.8109.222/CLion.app/Contents/bin/ninja/mac/ninja cmTC_552e8 && [1/2] Building CXX object CMakeFiles/cmTC_552e8.dir/src.cxx.o
[2/2] Linking CXX executable cmTC_552e8
FAILED: cmTC_552e8 
: && /Applications/Xcode.app/Contents/Developer/Toolchains/XcodeDefault.xctoolchain/usr/bin/c++ -isysroot /Applications/Xcode.app/Contents/Developer/Platforms/MacOSX.platform/Developer/SDKs/MacOSX13.3.sdk -Wl,-search_paths_first -Wl,-headerpad_max_install_names -Wl,--version-script=/Users/jomof/projects/binja/cmake-build-debug/vendor/google/protocolbuffers/protobuf-23.3/cmaketest.map CMakeFiles/cmTC_552e8.dir/src.cxx.o -o cmTC_552e8   && :
ld: unknown option: --version-script=/Users/jomof/projects/binja/cmake-build-debug/vendor/google/protocolbuffers/protobuf-23.3/cmaketest.map
clang: error: linker command failed with exit code 1 (use -v to see invocation)
ninja: build stopped: subcommand failed.


Source file was:
int main() { return 0; }

Performing C++ SOURCE FILE Test ABSL_INTERNAL_AT_LEAST_CXX17 failed with the following output:
Change Dir: /Users/jomof/projects/binja/cmake-build-debug/CMakeFiles/CMakeScratch/TryCompile-sg228W

Run Build Command(s):/Users/jomof/Library/Application Support/JetBrains/Toolbox/apps/CLion/ch-0/231.8109.222/CLion.app/Contents/bin/ninja/mac/ninja cmTC_bef4b && [1/2] Building CXX object CMakeFiles/cmTC_bef4b.dir/src.cxx.o
FAILED: CMakeFiles/cmTC_bef4b.dir/src.cxx.o 
/Applications/Xcode.app/Contents/Developer/Toolchains/XcodeDefault.xctoolchain/usr/bin/c++ -DABSL_INTERNAL_AT_LEAST_CXX17  -isysroot /Applications/Xcode.app/Contents/Developer/Platforms/MacOSX.platform/Developer/SDKs/MacOSX13.3.sdk -fcolor-diagnostics -std=gnu++14 -MD -MT CMakeFiles/cmTC_bef4b.dir/src.cxx.o -MF CMakeFiles/cmTC_bef4b.dir/src.cxx.o.d -o CMakeFiles/cmTC_bef4b.dir/src.cxx.o -c /Users/jomof/projects/binja/cmake-build-debug/CMakeFiles/CMakeScratch/TryCompile-sg228W/src.cxx
/Users/jomof/projects/binja/cmake-build-debug/CMakeFiles/CMakeScratch/TryCompile-sg228W/src.cxx:6:4: error: "The compiler defaults or is configured for C++ < 17"
#  error "The compiler defaults or is configured for C++ < 17"
   ^
1 error generated.
ninja: build stopped: subcommand failed.


Source file was:
#ifdef _MSC_VER
#  if _MSVC_LANG < 201700L
#    error "The compiler defaults or is configured for C++ < 17"
#  endif
#elif __cplusplus < 201700L
#  error "The compiler defaults or is configured for C++ < 17"
#endif
int main() { return 0; }


Determining if the ppoll exist failed with the following output:
Change Dir: /Users/jomof/projects/binja/cmake-build-debug/CMakeFiles/CMakeScratch/TryCompile-nSw2C0

Run Build Command(s):/Users/jomof/Library/Application Support/JetBrains/Toolbox/apps/CLion/ch-0/231.8109.222/CLion.app/Contents/bin/ninja/mac/ninja cmTC_e8399 && [1/2] Building CXX object CMakeFiles/cmTC_e8399.dir/CheckSymbolExists.cxx.o
FAILED: CMakeFiles/cmTC_e8399.dir/CheckSymbolExists.cxx.o 
/Applications/Xcode.app/Contents/Developer/Toolchains/XcodeDefault.xctoolchain/usr/bin/c++   -isysroot /Applications/Xcode.app/Contents/Developer/Platforms/MacOSX.platform/Developer/SDKs/MacOSX13.3.sdk -fcolor-diagnostics -std=gnu++14 -MD -MT CMakeFiles/cmTC_e8399.dir/CheckSymbolExists.cxx.o -MF CMakeFiles/cmTC_e8399.dir/CheckSymbolExists.cxx.o.d -o CMakeFiles/cmTC_e8399.dir/CheckSymbolExists.cxx.o -c /Users/jomof/projects/binja/cmake-build-debug/CMakeFiles/CMakeScratch/TryCompile-nSw2C0/CheckSymbolExists.cxx
/Users/jomof/projects/binja/cmake-build-debug/CMakeFiles/CMakeScratch/TryCompile-nSw2C0/CheckSymbolExists.cxx:8:19: error: use of undeclared identifier 'ppoll'; did you mean 'poll'?
  return ((int*)(&ppoll))[argc];
                  ^~~~~
                  poll
/Applications/Xcode.app/Contents/Developer/Platforms/MacOSX.platform/Developer/SDKs/MacOSX13.3.sdk/usr/include/sys/poll.h:113:12: note: 'poll' declared here
extern int poll(struct pollfd *, nfds_t, int) __DARWIN_ALIAS_C(poll);
           ^
1 error generated.
ninja: build stopped: subcommand failed.


File CheckSymbolExists.cxx:
/* */
#include <poll.h>

int main(int argc, char** argv)
{
  (void)argv;
#ifndef ppoll
  return ((int*)(&ppoll))[argc];
#else
  (void)argc;
  return 0;
#endif
}

